<?xml version="1.0" encoding="UTF-8"?>
<!-- Generated by org.testng.reporters.JUnitXMLReporter -->
<testsuite ignored="0" hostname="L_RA_506" failures="1" tests="1" name="Test" time="101.269" errors="0" timestamp="2024-01-05T23:11:03 IST">
  <testcase classname="io.cucumber.testng.AbstractTestNGCucumberTests" name="runScenario" time="99.952">
    <failure type="org.openqa.selenium.WebDriverException" message="chrome not reachable
Build info: version: &amp;apos;3.141.59&amp;apos;, revision: &amp;apos;e82be7d358&amp;apos;, time: &amp;apos;2018-11-14T08:17:03&amp;apos;
System info: host: &amp;apos;L_RA_506&amp;apos;, ip: &amp;apos;192.168.1.5&amp;apos;, os.name: &amp;apos;Windows 10&amp;apos;, os.arch: &amp;apos;amd64&amp;apos;, os.version: &amp;apos;10.0&amp;apos;, java.version: &amp;apos;17.0.6&amp;apos;
Driver info: driver.version: ChromeDriver
remote stacktrace: 	GetHandleVerifier [0x00007FF6C53C2142+3514994]
	(No symbol) [0x00007FF6C4FE0CE2]
	(No symbol) [0x00007FF6C4E874C3]
	(No symbol) [0x00007FF6C4E73EA0]
	(No symbol) [0x00007FF6C4EC09D4]
	(No symbol) [0x00007FF6C4EBB9DF]
	(No symbol) [0x00007FF6C4EB7F52]
	(No symbol) [0x00007FF6C4F00AB4]
	(No symbol) [0x00007FF6C4EF5D93]
	(No symbol) [0x00007FF6C4EC4BDC]
	(No symbol) [0x00007FF6C4EC5C64]
	GetHandleVerifier [0x00007FF6C53EE16B+3695259]
	GetHandleVerifier [0x00007FF6C5446737+4057191]
	GetHandleVerifier [0x00007FF6C543E4E3+4023827]
	GetHandleVerifier [0x00007FF6C51104F9+689705]
	(No symbol) [0x00007FF6C4FEC048]
	(No symbol) [0x00007FF6C4FE8044]
	(No symbol) [0x00007FF6C4FE81C9]
	(No symbol) [0x00007FF6C4FD88C4]
	BaseThreadInitThunk [0x00007FFFE6467034+20]
	RtlUserThreadStart [0x00007FFFE68C2651+33]
">
      <![CDATA[org.openqa.selenium.WebDriverException: chrome not reachable
Build info: version: '3.141.59', revision: 'e82be7d358', time: '2018-11-14T08:17:03'
System info: host: 'L_RA_506', ip: '192.168.1.5', os.name: 'Windows 10', os.arch: 'amd64', os.version: '10.0', java.version: '17.0.6'
Driver info: driver.version: ChromeDriver
remote stacktrace: GetHandleVerifier [0x00007FF6C53C2142+3514994]
(No symbol) [0x00007FF6C4FE0CE2]
(No symbol) [0x00007FF6C4E874C3]
(No symbol) [0x00007FF6C4E73EA0]
(No symbol) [0x00007FF6C4EC09D4]
(No symbol) [0x00007FF6C4EBB9DF]
(No symbol) [0x00007FF6C4EB7F52]
(No symbol) [0x00007FF6C4F00AB4]
(No symbol) [0x00007FF6C4EF5D93]
(No symbol) [0x00007FF6C4EC4BDC]
(No symbol) [0x00007FF6C4EC5C64]
GetHandleVerifier [0x00007FF6C53EE16B+3695259]
GetHandleVerifier [0x00007FF6C5446737+4057191]
GetHandleVerifier [0x00007FF6C543E4E3+4023827]
GetHandleVerifier [0x00007FF6C51104F9+689705]
(No symbol) [0x00007FF6C4FEC048]
(No symbol) [0x00007FF6C4FE8044]
(No symbol) [0x00007FF6C4FE81C9]
(No symbol) [0x00007FF6C4FD88C4]
BaseThreadInitThunk [0x00007FFFE6467034+20]
RtlUserThreadStart [0x00007FFFE68C2651+33]

at org.openqa.selenium.remote.W3CHandshakeResponse.lambda$errorHandler$0(W3CHandshakeResponse.java:62)
at org.openqa.selenium.remote.HandshakeResponse.lambda$getResponseFunction$0(HandshakeResponse.java:30)
at org.openqa.selenium.remote.ProtocolHandshake.lambda$createSession$0(ProtocolHandshake.java:126)
at java.base/java.util.stream.ReferencePipeline$3$1.accept(ReferencePipeline.java:197)
at java.base/java.util.Spliterators$ArraySpliterator.tryAdvance(Spliterators.java:1002)
at java.base/java.util.stream.ReferencePipeline.forEachWithCancel(ReferencePipeline.java:129)
at java.base/java.util.stream.AbstractPipeline.copyIntoWithCancel(AbstractPipeline.java:527)
at java.base/java.util.stream.AbstractPipeline.copyInto(AbstractPipeline.java:513)
at java.base/java.util.stream.AbstractPipeline.wrapAndCopyInto(AbstractPipeline.java:499)
at java.base/java.util.stream.FindOps$FindOp.evaluateSequential(FindOps.java:150)
at java.base/java.util.stream.AbstractPipeline.evaluate(AbstractPipeline.java:234)
at java.base/java.util.stream.ReferencePipeline.findFirst(ReferencePipeline.java:647)
at org.openqa.selenium.remote.ProtocolHandshake.createSession(ProtocolHandshake.java:128)
at org.openqa.selenium.remote.ProtocolHandshake.createSession(ProtocolHandshake.java:74)
at org.openqa.selenium.remote.HttpCommandExecutor.execute(HttpCommandExecutor.java:136)
at org.openqa.selenium.remote.service.DriverCommandExecutor.execute(DriverCommandExecutor.java:83)
at org.openqa.selenium.remote.RemoteWebDriver.execute(RemoteWebDriver.java:552)
at org.openqa.selenium.remote.RemoteWebDriver.startSession(RemoteWebDriver.java:213)
at org.openqa.selenium.remote.RemoteWebDriver.<init>(RemoteWebDriver.java:131)
at org.openqa.selenium.chrome.ChromeDriver.<init>(ChromeDriver.java:181)
at org.openqa.selenium.chrome.ChromeDriver.<init>(ChromeDriver.java:168)
at org.openqa.selenium.chrome.ChromeDriver.<init>(ChromeDriver.java:157)
at factory.DriverFactory.initializebrowser(DriverFactory.java:23)
at hooks.MyHook.setUpBrowser(MyHook.java:37)
... Removed 5 stack frames]]>
    </failure>
  </testcase> <!-- runScenario -->
</testsuite> <!-- Test -->
